<?xml version="1.0" encoding="UTF-8"?>
<!-- Generated by org.testng.reporters.JUnitReportReporter -->
<testsuite skipped="0" hostname="DESKTOP-TDJ6NPK" name="com.jiwakutestscripts.Demo" tests="1" failures="0" timestamp="2021-11-17T21:30:08 IST" time="49.064" errors="0">
  <testcase name="demo" time="49.064" classname="com.jiwakutestscripts.Demo"/>
  <system-out/>
</testsuite> <!-- com.jiwakutestscripts.Demo -->
