<?xml version="1.0" encoding="UTF-8"?>
<!-- Generated by org.testng.reporters.JUnitReportReporter -->
<testsuite skipped="0" hostname="DESKTOP-TDJ6NPK" name="com.jiwakutestscripts.CreateQuoteunderMoreInformationwithoutMandatoryFields" tests="1" failures="0" timestamp="2021-11-21T21:19:29 IST" time="34.838" errors="0">
  <testcase name="createQuoteunderMoreInformationwithoutMandatoryFieldsTest" time="34.838" classname="com.jiwakutestscripts.CreateQuoteunderMoreInformationwithoutMandatoryFields"/>
  <system-out/>
</testsuite> <!-- com.jiwakutestscripts.CreateQuoteunderMoreInformationwithoutMandatoryFields -->
